INFO - DATABASE_HOST is not available! Using LocalDB...
Traceback (most recent call last):
  File "/home/the-artist/jac-env/bin/jac", line 8, in <module>
    sys.exit(start_cli())
             ^^^^^^^^^^^
  File "/home/the-artist/jac-env/lib/python3.12/site-packages/jaclang/cli/cli.py", line 865, in start_cli
    ret = command.call(**filtered_args)
          ^^^^^^^^^^^^^^^^^^^^^^^^^^^^^
  File "/home/the-artist/jac-env/lib/python3.12/site-packages/jaclang/cli/cmdreg.py", line 51, in call
    return self.func(*args, **kwargs)
           ^^^^^^^^^^^^^^^^^^^^^^^^^^
  File "/home/the-artist/jac-env/lib/python3.12/site-packages/jac_cloud/plugin/cli.py", line 91, in serve
    run_cloud(base, mod, filename, host, port)
  File "/home/the-artist/jac-env/lib/python3.12/site-packages/jac_cloud/plugin/cli.py", line 51, in run_cloud
    Jac.jac_import(target=mod, base_path=base)
  File "/home/the-artist/jac-env/lib/python3.12/site-packages/jaclang/runtimelib/machine.py", line 1827, in proxy
    return hookcaller(**bound.arguments)
           ^^^^^^^^^^^^^^^^^^^^^^^^^^^^^
  File "/home/the-artist/jac-env/lib/python3.12/site-packages/jaclang/vendor/pluggy/_hooks.py", line 513, in __call__
    return self._hookexec(self.name, self._hookimpls.copy(), kwargs, firstresult)
           ^^^^^^^^^^^^^^^^^^^^^^^^^^^^^^^^^^^^^^^^^^^^^^^^^^^^^^^^^^^^^^^^^^^^^^
  File "/home/the-artist/jac-env/lib/python3.12/site-packages/jaclang/vendor/pluggy/_manager.py", line 120, in _hookexec
    return self._inner_hookexec(hook_name, methods, kwargs, firstresult)
           ^^^^^^^^^^^^^^^^^^^^^^^^^^^^^^^^^^^^^^^^^^^^^^^^^^^^^^^^^^^^^
  File "/home/the-artist/jac-env/lib/python3.12/site-packages/jaclang/vendor/pluggy/_callers.py", line 139, in _multicall
    raise exception.with_traceback(exception.__traceback__)
  File "/home/the-artist/jac-env/lib/python3.12/site-packages/jaclang/vendor/pluggy/_callers.py", line 103, in _multicall
    res = hook_impl.function(*args)
          ^^^^^^^^^^^^^^^^^^^^^^^^^
  File "/home/the-artist/jac-env/lib/python3.12/site-packages/jaclang/runtimelib/machine.py", line 1073, in jac_import
    module = importlib.import_module(module_name)
             ^^^^^^^^^^^^^^^^^^^^^^^^^^^^^^^^^^^^
  File "/usr/lib/python3.12/importlib/__init__.py", line 90, in import_module
    return _bootstrap._gcd_import(name[level:], package, level)
           ^^^^^^^^^^^^^^^^^^^^^^^^^^^^^^^^^^^^^^^^^^^^^^^^^^^^
  File "<frozen importlib._bootstrap>", line 1387, in _gcd_import
  File "<frozen importlib._bootstrap>", line 1360, in _find_and_load
  File "<frozen importlib._bootstrap>", line 1324, in _find_and_load_unlocked
ModuleNotFoundError: No module named 'main'
